<?xml version="1.0" encoding="UTF-8"?>
<!-- Generated by org.testng.reporters.JUnitXMLReporter -->
<testsuite ignored="5" hostname="TDhande" failures="1" tests="8" name="Test" time="28.558" errors="0" timestamp="2025-10-15T13:37:53 IST">
  <testcase classname="com.test.LoginTest" name="loginWithValidUsernameAndValidPassword" time="2.211"/>
  <testcase classname="com.test.HomePageTest" name="checkIfAdminPageisOpened" time="1.81"/>
  <testcase classname="com.test.AdminPageTest" name="checkIfAdminIsSerching" time="1.939"/>
  <testcase classname="com.test.AdminPageTest" name="checkIfResetFunctionalityIsWorking" time="0.409"/>
  <testcase classname="com.test.AdminPageTest" name="checkIfAddButtonClicked" time="0.716"/>
  <testcase classname="com.test.AddUserTest" name="checkIfNewUserAdded" time="15.26">
    <failure type="java.lang.AssertionError" message="Expected URL was: https://opensource-demo.orangehrmlive.com/web/index.php/admin/viewSystemUsers but got: https://opensource-demo.orangehrmlive.com/web/index.php/admin/saveSystemUser">
      <![CDATA[java.lang.AssertionError: Expected URL was: https://opensource-demo.orangehrmlive.com/web/index.php/admin/viewSystemUsers but got: https://opensource-demo.orangehrmlive.com/web/index.php/admin/saveSystemUser
at com.test.AddUserTest.checkIfNewUserAdded(AddUserTest.java:35)
at java.base/java.util.ArrayList.forEach(ArrayList.java:1596)
... Removed 26 stack frames]]>
    </failure>
  </testcase> <!-- checkIfNewUserAdded -->
  <testcase classname="com.test.HomePageTest" name="checkIfPIMPageIsOpened" time="1.04"/>
  <testcase classname="com.test.PIMPageTest" name="addEmployee" time="3.662"/>
  <testcase classname="com.base.BaseTest" name="@AfterSuite TearDown" time="0.0">
    <ignored/>
  </testcase> <!-- @AfterSuite TearDown -->
  <testcase classname="com.base.BaseTest" name="@AfterSuite TearDown" time="0.0">
    <ignored/>
  </testcase> <!-- @AfterSuite TearDown -->
  <testcase classname="com.base.BaseTest" name="@BeforeSuite setUp" time="0.0">
    <ignored/>
  </testcase> <!-- @BeforeSuite setUp -->
  <testcase classname="com.base.BaseTest" name="@AfterSuite TearDown" time="0.0">
    <ignored/>
  </testcase> <!-- @AfterSuite TearDown -->
  <testcase classname="com.base.BaseTest" name="@AfterSuite TearDown" time="0.0">
    <ignored/>
  </testcase> <!-- @AfterSuite TearDown -->
</testsuite> <!-- Test -->
