<?xml version="1.0" encoding="UTF-8"?>
<testng-results ignored="0" total="6" passed="5" failed="1" skipped="0">
  <reporter-output>
  </reporter-output>
  <suite started-at="2025-10-10T18:12:18 IST" name="Suite" finished-at="2025-10-10T18:12:30 IST" duration-ms="12098">
    <groups>
    </groups>
    <test started-at="2025-10-10T18:12:18 IST" name="Test" finished-at="2025-10-10T18:12:30 IST" duration-ms="12098">
      <class name="com.test.HomePageTest">
        <test-method is-config="true" signature="setUp()[pri:0, instance:com.test.HomePageTest@13f95696]" started-at="2025-10-10T18:12:13 IST" name="setUp" finished-at="2025-10-10T18:12:18 IST" duration-ms="4555" status="PASS">
          <reporter-output>
          </reporter-output>
        </test-method> <!-- setUp -->
        <test-method is-config="true" signature="setUP()[pri:0, instance:com.test.HomePageTest@13f95696]" started-at="2025-10-10T18:12:21 IST" name="setUP" finished-at="2025-10-10T18:12:21 IST" duration-ms="0" status="PASS">
          <reporter-output>
          </reporter-output>
        </test-method> <!-- setUP -->
        <test-method signature="checkIfAdminPageisOpened()[pri:0, instance:com.test.HomePageTest@13f95696]" started-at="2025-10-10T18:12:21 IST" name="checkIfAdminPageisOpened" finished-at="2025-10-10T18:12:22 IST" duration-ms="1673" status="PASS">
          <reporter-output>
          </reporter-output>
        </test-method> <!-- checkIfAdminPageisOpened -->
      </class> <!-- com.test.HomePageTest -->
      <class name="com.test.AdminPageTest">
        <test-method is-config="true" signature="setUp()[pri:0, instance:com.test.AdminPageTest@cd1d761]" started-at="2025-10-10T18:12:23 IST" name="setUp" finished-at="2025-10-10T18:12:23 IST" duration-ms="5" status="PASS">
          <reporter-output>
          </reporter-output>
        </test-method> <!-- setUp -->
        <test-method signature="checkIfAdminIsSerching()[pri:1, instance:com.test.AdminPageTest@cd1d761]" started-at="2025-10-10T18:12:23 IST" name="checkIfAdminIsSerching" finished-at="2025-10-10T18:12:24 IST" duration-ms="1933" status="PASS">
          <reporter-output>
          </reporter-output>
        </test-method> <!-- checkIfAdminIsSerching -->
        <test-method signature="checkIfResetFunctionalityIsWorking()[pri:2, instance:com.test.AdminPageTest@cd1d761]" started-at="2025-10-10T18:12:25 IST" name="checkIfResetFunctionalityIsWorking" finished-at="2025-10-10T18:12:25 IST" duration-ms="430" status="PASS">
          <reporter-output>
          </reporter-output>
        </test-method> <!-- checkIfResetFunctionalityIsWorking -->
        <test-method signature="checkIfAddButtonClicked()[pri:3, instance:com.test.AdminPageTest@cd1d761]" started-at="2025-10-10T18:12:25 IST" name="checkIfAddButtonClicked" finished-at="2025-10-10T18:12:26 IST" duration-ms="751" status="PASS">
          <reporter-output>
          </reporter-output>
        </test-method> <!-- checkIfAddButtonClicked -->
      </class> <!-- com.test.AdminPageTest -->
      <class name="com.test.AddUserTest">
        <test-method is-config="true" signature="setUP()[pri:0, instance:com.test.AddUserTest@68be8808]" started-at="2025-10-10T18:12:26 IST" name="setUP" finished-at="2025-10-10T18:12:26 IST" duration-ms="4" status="PASS">
          <reporter-output>
          </reporter-output>
        </test-method> <!-- setUP -->
        <test-method signature="checkIfNewUserAdded()[pri:0, instance:com.test.AddUserTest@68be8808]" started-at="2025-10-10T18:12:26 IST" name="checkIfNewUserAdded" finished-at="2025-10-10T18:12:30 IST" duration-ms="3909" status="FAIL">
          <exception class="java.lang.AssertionError">
            <message>
              <![CDATA[Expected URL was: https://opensource-demo.orangehrmlive.com/web/index.php/admin/viewSystemUsers but got: https://opensource-demo.orangehrmlive.com/web/index.php/admin/saveSystemUser]]>
            </message>
            <full-stacktrace>
              <![CDATA[java.lang.AssertionError: Expected URL was: https://opensource-demo.orangehrmlive.com/web/index.php/admin/viewSystemUsers but got: https://opensource-demo.orangehrmlive.com/web/index.php/admin/saveSystemUser
at org.testng.Assert.fail(Assert.java:111)
at com.test.AddUserTest.checkIfNewUserAdded(AddUserTest.java:33)
at java.base/jdk.internal.reflect.DirectMethodHandleAccessor.invoke(DirectMethodHandleAccessor.java:103)
at java.base/java.lang.reflect.Method.invoke(Method.java:580)
at org.testng.internal.invokers.MethodInvocationHelper.invokeMethod(MethodInvocationHelper.java:141)
at org.testng.internal.invokers.TestInvoker.invokeMethod(TestInvoker.java:687)
at org.testng.internal.invokers.TestInvoker.invokeTestMethod(TestInvoker.java:230)
at org.testng.internal.invokers.MethodRunner.runInSequence(MethodRunner.java:63)
at org.testng.internal.invokers.TestInvoker$MethodInvocationAgent.invoke(TestInvoker.java:995)
at org.testng.internal.invokers.TestInvoker.invokeTestMethods(TestInvoker.java:203)
at org.testng.internal.invokers.TestMethodWorker.invokeTestMethods(TestMethodWorker.java:154)
at org.testng.internal.invokers.TestMethodWorker.run(TestMethodWorker.java:134)
at java.base/java.util.ArrayList.forEach(ArrayList.java:1596)
at org.testng.TestRunner.privateRun(TestRunner.java:741)
at org.testng.TestRunner.run(TestRunner.java:616)
at org.testng.SuiteRunner.runTest(SuiteRunner.java:421)
at org.testng.SuiteRunner.runSequentially(SuiteRunner.java:413)
at org.testng.SuiteRunner.privateRun(SuiteRunner.java:373)
at org.testng.SuiteRunner.run(SuiteRunner.java:312)
at org.testng.SuiteRunnerWorker.runSuite(SuiteRunnerWorker.java:52)
at org.testng.SuiteRunnerWorker.run(SuiteRunnerWorker.java:95)
at org.testng.TestNG.runSuitesSequentially(TestNG.java:1274)
at org.testng.TestNG.runSuitesLocally(TestNG.java:1208)
at org.testng.TestNG.runSuites(TestNG.java:1112)
at org.testng.TestNG.run(TestNG.java:1079)
at org.testng.remote.AbstractRemoteTestNG.run(AbstractRemoteTestNG.java:115)
at org.testng.remote.RemoteTestNG.initAndRun(RemoteTestNG.java:293)
at org.testng.remote.RemoteTestNG.main(RemoteTestNG.java:91)
]]>
            </full-stacktrace>
          </exception> <!-- java.lang.AssertionError -->
          <reporter-output>
          </reporter-output>
        </test-method> <!-- checkIfNewUserAdded -->
      </class> <!-- com.test.AddUserTest -->
      <class name="com.test.LoginTest">
        <test-method is-config="true" signature="setUp()[pri:0, instance:com.test.LoginTest@1199fe66]" started-at="2025-10-10T18:12:18 IST" name="setUp" finished-at="2025-10-10T18:12:18 IST" duration-ms="47" status="PASS">
          <reporter-output>
          </reporter-output>
        </test-method> <!-- setUp -->
        <test-method signature="loginWithValidUsernameAndValidPassword()[pri:0, instance:com.test.LoginTest@1199fe66]" started-at="2025-10-10T18:12:18 IST" name="loginWithValidUsernameAndValidPassword" finished-at="2025-10-10T18:12:21 IST" duration-ms="2180" status="PASS">
          <reporter-output>
          </reporter-output>
        </test-method> <!-- loginWithValidUsernameAndValidPassword -->
        <test-method is-config="true" signature="TearDown()[pri:0, instance:com.test.LoginTest@1199fe66]" started-at="2025-10-10T18:12:31 IST" name="TearDown" finished-at="2025-10-10T18:12:31 IST" duration-ms="265" status="PASS">
          <reporter-output>
          </reporter-output>
        </test-method> <!-- TearDown -->
      </class> <!-- com.test.LoginTest -->
    </test> <!-- Test -->
  </suite> <!-- Suite -->
</testng-results>
